<?xml version="1.0" encoding="UTF-8"?>
<!-- Generated by org.testng.reporters.JUnitReportReporter -->
<testsuite hostname="DESKTOP-KK3ICD9" failures="0" tests="2" name="com.amazon.tests.NegativeTest" time="37.331" errors="0" timestamp="2024-03-26T10:20:58 IST" skipped="0">
  <testcase classname="com.amazon.tests.NegativeTest" name="verifyEmptyShippingAddressFieldsError" time="28.583"/>
  <testcase classname="com.amazon.tests.NegativeTest" name="verifyInvalidPromoCodeError" time="8.748"/>
</testsuite> <!-- com.amazon.tests.NegativeTest -->
