<?xml version="1.0" encoding="UTF-8"?>
<!-- Generated by org.testng.reporters.JUnitReportReporter -->
<testsuite hostname="DESKTOP-KK3ICD9" failures="0" tests="1" name="com.amazon.tests.RemoveFromCartTest" time="22.988" errors="0" timestamp="2024-03-26T10:20:58 IST" skipped="0">
  <testcase classname="com.amazon.tests.RemoveFromCartTest" name="verifyUserCanRemoveItemFromCart" time="22.988"/>
</testsuite> <!-- com.amazon.tests.RemoveFromCartTest -->
