<?xml version="1.0" encoding="UTF-8"?>
<!-- Generated by org.testng.reporters.JUnitReportReporter -->
<testsuite hostname="DESKTOP-KK3ICD9" failures="0" tests="1" name="com.amazon.tests.UpdateShippingInfoTest" time="34.034" errors="0" timestamp="2024-03-26T10:20:58 IST" skipped="0">
  <testcase classname="com.amazon.tests.UpdateShippingInfoTest" name="VerifyUserCanUpdateShippingInformation" time="34.034"/>
</testsuite> <!-- com.amazon.tests.UpdateShippingInfoTest -->
