<?xml version="1.0" encoding="UTF-8"?>
<!-- Generated by org.testng.reporters.JUnitReportReporter -->
<testsuite hostname="DESKTOP-KK3ICD9" failures="0" tests="1" name="com.amazon.tests.RemoveFromCartTest" time="16.920" errors="0" timestamp="2024-03-25T12:10:00 IST" skipped="0">
  <testcase classname="com.amazon.tests.RemoveFromCartTest" name="verifyUserCanRemoveItemFromCart" time="16.920">
    <system-out>
      <![CDATA[Navigated to https://www.amazon.com/ Successfully
Entered cloud atlas by liam callanan in Search Box
Clicked on Submit Search Button
Clicked on Product
Clicked on Add To Cart Button
Entered Atomic Habits by liam Daniels in Search Box
Clicked on Submit Search Button
Clicked on Product
Clicked on Add To Cart Button
Clicked on Go To Cart Button
Fetch text of Cart Count
Fetch text of Sub Total
Clicked on Delete Item Button
Fetch text of Cart Count
Fetch text of Sub Total
Test passed]]>
    </system-out>
  </testcase> <!-- verifyUserCanRemoveItemFromCart -->
  <system-out>
    <![CDATA[Navigated to https://www.amazon.com/ Successfully
Entered cloud atlas by liam callanan in Search Box
Clicked on Submit Search Button
Clicked on Product
Fetch text of Cart Count
Clicked on Add To Cart Button
Fetch text of Cart Count
Added To Cart Message is displayed
Test passed
Hover over Sign In Button Successfully
Clicked on Sign In Button
Entered inlet.amazon@gmail.com in Email Field
Clicked on Continue Button
Entered Login@amazon99 in Password Field
Clicked on LoginIn
Entered cloud atlas by liam callanan in Search Box
Clicked on Submit Search Button
Clicked on Product
Clicked on buy Now Button
Clicked on Change Address Link
Clicked on Add New Address
Cleared text in Full Name
Entered Auto in Full Name
Entered 666666 in Phone Number
Entered TEST in AddressLine
Entered SACRAMENTO in City
Clicked on State
Clicked on California
Entered 94203 in Zip Code
Clicked on Use This Address Link
Fetch text of Full Name
Fetch text of Address Line 1
Test passed
Navigated to https://www.amazon.com/ Successfully
Entered cloud atlas by liam callanan in Search Box
Clicked on Submit Search Button
Clicked on Product
Clicked on Add To Cart Button
Entered Atomic Habits by liam Daniels in Search Box
Clicked on Submit Search Button
Clicked on Product
Clicked on Add To Cart Button
Clicked on Go To Cart Button
Fetch text of Cart Count
Fetch text of Sub Total
Clicked on Delete Item Button
Fetch text of Cart Count
Fetch text of Sub Total
Test passed]]>
  </system-out>
</testsuite> <!-- com.amazon.tests.RemoveFromCartTest -->
